\BOOKMARK [0][-]{chapter.1}{\376\377\000r\000e\000S\000t\000r\000u\000c\000t\000u\000r\000e\000d\000T\000e\000x\000t\000\040\000c\000h\000e\000a\000t\000\040\000s\000h\000e\000e\000t}{}% 1
\BOOKMARK [1][-]{section.1.1}{\376\377\000C\000o\000m\000m\000o\000n\000\040\000C\000o\000n\000v\000e\000n\000t\000i\000o\000n\000s}{chapter.1}% 2
\BOOKMARK [1][-]{section.1.2}{\376\377\000H\000e\000a\000d\000i\000n\000g\000s}{chapter.1}% 3
\BOOKMARK [1][-]{section.1.3}{\376\377\000C\000r\000o\000s\000s\000-\000r\000e\000f\000e\000r\000e\000n\000c\000e\000s}{chapter.1}% 4
\BOOKMARK [1][-]{section.1.4}{\376\377\000I\000n\000d\000e\000x\000\040\000e\000n\000t\000r\000i\000e\000s}{chapter.1}% 5
\BOOKMARK [1][-]{section.1.5}{\376\377\000T\000a\000b\000l\000e\000s}{chapter.1}% 6
\BOOKMARK [1][-]{section.1.6}{\376\377\000E\000d\000i\000t\000i\000n\000g\000\040\000B\000o\000x\000-\000D\000r\000a\000w\000i\000n\000g\000\040\000D\000i\000a\000g\000r\000a\000m\000s\000\040\000i\000n\000\040\000E\000m\000a\000c\000s}{chapter.1}% 7
\BOOKMARK [2][-]{subsection.1.6.1}{\376\377\000C\000h\000e\000c\000k\000\040\000o\000r\000\040\000e\000n\000f\000o\000r\000c\000e\000\040\000U\000T\000F\000-\0008}{section.1.6}% 8
\BOOKMARK [2][-]{subsection.1.6.2}{\376\377\000I\000n\000s\000e\000r\000t\000\040\000b\000o\000x\000-\000d\000r\000a\000w\000i\000n\000g\000\040\000c\000h\000a\000r\000a\000c\000t\000e\000r\000s}{section.1.6}% 9
\BOOKMARK [2][-]{subsection.1.6.3}{\376\377\000C\000o\000m\000m\000o\000n\000\040\000c\000h\000a\000r\000a\000c\000t\000e\000r\000s}{section.1.6}% 10
\BOOKMARK [2][-]{subsection.1.6.4}{\376\377\000Q\000u\000i\000c\000k\000\040\000e\000d\000i\000t\000i\000n\000g\000\040\000t\000i\000p\000s}{section.1.6}% 11
\BOOKMARK [2][-]{subsection.1.6.5}{\376\377\000T\000e\000m\000p\000l\000a\000t\000e\000\040\000b\000o\000x\000\040\000\050\000c\000o\000p\000y\000\040\000a\000n\000d\000\040\000f\000i\000l\000l\000\040\000i\000n\000\051}{section.1.6}% 12
\BOOKMARK [2][-]{subsection.1.6.6}{\376\377\000R\000e\000u\000s\000a\000b\000l\000e\000\040\000B\000o\000x\000\040\000T\000e\000m\000p\000l\000a\000t\000e\000s\000\040\000\050\000Y\000a\000s\000n\000i\000p\000p\000e\000t\000\040\000o\000r\000\040\000T\000e\000m\000p\000o\000\051}{section.1.6}% 13
\BOOKMARK [2][-]{subsection.1.6.7}{\376\377\000Y\000a\000s\000n\000i\000p\000p\000e\000t\000\040\000s\000e\000t\000u\000p}{section.1.6}% 14
\BOOKMARK [2][-]{subsection.1.6.8}{\376\377\000T\000e\000m\000p\000o\000\040\000s\000e\000t\000u\000p\000\040\000\050\000a\000l\000t\000e\000r\000n\000a\000t\000i\000v\000e\000\051}{section.1.6}% 15
\BOOKMARK [2][-]{subsection.1.6.9}{\376\377\000C\000u\000s\000t\000o\000m\000i\000z\000a\000t\000i\000o\000n\000\040\000t\000i\000p\000s}{section.1.6}% 16
\BOOKMARK [1][-]{section.1.7}{\376\377\000N\000o\000t\000e\000s\000,\000\040\000W\000a\000r\000n\000i\000n\000g\000s\000,\000\040\000a\000n\000d\000\040\000T\000i\000p\000s}{chapter.1}% 17
\BOOKMARK [1][-]{section.1.8}{\376\377\000I\000m\000a\000g\000e\000s}{chapter.1}% 18
\BOOKMARK [1][-]{section.1.9}{\376\377\000C\000o\000d\000e\000\040\000B\000l\000o\000c\000k\000s}{chapter.1}% 19
\BOOKMARK [0][-]{chapter.2}{\376\377\000I\000n\000d\000i\000c\000e\000s\000\040\000a\000n\000d\000\040\000t\000a\000b\000l\000e\000s}{}% 20
\BOOKMARK [0][-]{section*.3}{\376\377\000I\000n\000d\000e\000x}{}% 21
